0    [AWT-EventQueue-0] INFO  ca.sqlpower.architect.ArchitectUtils  - Log4J configured successfully
1354 [AWT-EventQueue-0] INFO  ca.sqlpower.sql.PlDotIni  - Beginning to read/merge new pl.ini data
1539 [AWT-EventQueue-0] INFO  ca.sqlpower.sql.PlDotIni  - Finished reading file.
1541 [AWT-EventQueue-0] INFO  ca.sqlpower.sql.PlDotIni  - Beginning to read/merge new pl.ini data
1624 [AWT-EventQueue-0] INFO  ca.sqlpower.sql.PlDotIni  - Finished reading file.
4706 [Thread-5] ERROR ca.sqlpower.architect.swingui.action.CheckForUpdateAction  - Fail to retrieve current version number!
39073 [AWT-EventQueue-0] ERROR ca.sqlpower.architect.swingui.ExceptionHandler  - Uncaught exception
java.lang.NullPointerException
	at ca.sqlpower.architect.swingui.dbtree.DBTreeModel.getPathToNode(DBTreeModel.java:785)
	at ca.sqlpower.architect.swingui.ColumnEditPanel.updateComponents(ColumnEditPanel.java:794)
	at ca.sqlpower.architect.swingui.ColumnEditPanel.<init>(ColumnEditPanel.java:706)
	at ca.sqlpower.architect.swingui.action.EditColumnAction.actionPerformed(EditColumnAction.java:85)
	at ca.sqlpower.architect.swingui.TablePane.handleMouseEvent(TablePane.java:1300)
	at ca.sqlpower.architect.swingui.PlayPen$PPMouseListener.mouseClicked(PlayPen.java:2498)
	at java.awt.AWTEventMulticaster.mouseClicked(Unknown Source)
	at java.awt.AWTEventMulticaster.mouseClicked(Unknown Source)
	at java.awt.AWTEventMulticaster.mouseClicked(Unknown Source)
	at java.awt.Component.processMouseEvent(Unknown Source)
	at javax.swing.JComponent.processMouseEvent(Unknown Source)
	at java.awt.Component.processEvent(Unknown Source)
	at java.awt.Container.processEvent(Unknown Source)
	at java.awt.Component.dispatchEventImpl(Unknown Source)
	at java.awt.Container.dispatchEventImpl(Unknown Source)
	at java.awt.Component.dispatchEvent(Unknown Source)
	at java.awt.LightweightDispatcher.retargetMouseEvent(Unknown Source)
	at java.awt.LightweightDispatcher.processMouseEvent(Unknown Source)
	at java.awt.LightweightDispatcher.dispatchEvent(Unknown Source)
	at java.awt.Container.dispatchEventImpl(Unknown Source)
	at java.awt.Window.dispatchEventImpl(Unknown Source)
	at java.awt.Component.dispatchEvent(Unknown Source)
	at java.awt.EventQueue.dispatchEventImpl(Unknown Source)
	at java.awt.EventQueue.access$500(Unknown Source)
	at java.awt.EventQueue$3.run(Unknown Source)
	at java.awt.EventQueue$3.run(Unknown Source)
	at java.security.AccessController.doPrivileged(Native Method)
	at java.security.ProtectionDomain$JavaSecurityAccessImpl.doIntersectionPrivilege(Unknown Source)
	at java.security.ProtectionDomain$JavaSecurityAccessImpl.doIntersectionPrivilege(Unknown Source)
	at java.awt.EventQueue$4.run(Unknown Source)
	at java.awt.EventQueue$4.run(Unknown Source)
	at java.security.AccessController.doPrivileged(Native Method)
	at java.security.ProtectionDomain$JavaSecurityAccessImpl.doIntersectionPrivilege(Unknown Source)
	at java.awt.EventQueue.dispatchEvent(Unknown Source)
	at java.awt.EventDispatchThread.pumpOneEventForFilters(Unknown Source)
	at java.awt.EventDispatchThread.pumpEventsForFilter(Unknown Source)
	at java.awt.EventDispatchThread.pumpEventsForHierarchy(Unknown Source)
	at java.awt.EventDispatchThread.pumpEvents(Unknown Source)
	at java.awt.EventDispatchThread.pumpEvents(Unknown Source)
	at java.awt.EventDispatchThread.run(Unknown Source)
39155 [AWT-EventQueue-0] INFO  ca.sqlpower.util.ExceptionReport  - Posting error report to SQL Power at URL <http://bugs.sqlpower.ca/architect/postReport>
41261 [AWT-EventQueue-0] ERROR ca.sqlpower.util.ExceptionReport  - Couldn't send exception report to <"http://bugs.sqlpower.ca/architect/postReport">
java.io.FileNotFoundException: http://bugs.sqlpower.ca/architect/postReport
	at sun.net.www.protocol.http.HttpURLConnection.getInputStream0(Unknown Source)
	at sun.net.www.protocol.http.HttpURLConnection.getInputStream(Unknown Source)
	at ca.sqlpower.util.ExceptionReport.send(ExceptionReport.java:295)
	at ca.sqlpower.architect.swingui.ExceptionHandler.handleAndReport(ExceptionHandler.java:117)
	at ca.sqlpower.architect.swingui.ExceptionHandler.uncaughtException(ExceptionHandler.java:74)
	at java.lang.ThreadGroup.uncaughtException(Unknown Source)
	at java.lang.ThreadGroup.uncaughtException(Unknown Source)
	at java.awt.EventDispatchThread.processException(Unknown Source)
	at java.awt.EventDispatchThread.pumpOneEventForFilters(Unknown Source)
	at java.awt.EventDispatchThread.pumpEventsForFilter(Unknown Source)
	at java.awt.EventDispatchThread.pumpEventsForHierarchy(Unknown Source)
	at java.awt.EventDispatchThread.pumpEvents(Unknown Source)
	at java.awt.EventDispatchThread.pumpEvents(Unknown Source)
	at java.awt.EventDispatchThread.run(Unknown Source)
48963 [AWT-EventQueue-0] ERROR ca.sqlpower.architect.swingui.ExceptionHandler  - Uncaught exception
java.lang.NullPointerException
	at ca.sqlpower.architect.swingui.dbtree.DBTreeModel.getPathToNode(DBTreeModel.java:785)
	at ca.sqlpower.architect.swingui.ColumnEditPanel.updateComponents(ColumnEditPanel.java:794)
	at ca.sqlpower.architect.swingui.ColumnEditPanel.<init>(ColumnEditPanel.java:706)
	at ca.sqlpower.architect.swingui.action.EditColumnAction.actionPerformed(EditColumnAction.java:85)
	at ca.sqlpower.architect.swingui.TablePane.handleMouseEvent(TablePane.java:1300)
	at ca.sqlpower.architect.swingui.PlayPen$PPMouseListener.mouseClicked(PlayPen.java:2498)
	at java.awt.AWTEventMulticaster.mouseClicked(Unknown Source)
	at java.awt.AWTEventMulticaster.mouseClicked(Unknown Source)
	at java.awt.AWTEventMulticaster.mouseClicked(Unknown Source)
	at java.awt.Component.processMouseEvent(Unknown Source)
	at javax.swing.JComponent.processMouseEvent(Unknown Source)
	at java.awt.Component.processEvent(Unknown Source)
	at java.awt.Container.processEvent(Unknown Source)
	at java.awt.Component.dispatchEventImpl(Unknown Source)
	at java.awt.Container.dispatchEventImpl(Unknown Source)
	at java.awt.Component.dispatchEvent(Unknown Source)
	at java.awt.LightweightDispatcher.retargetMouseEvent(Unknown Source)
	at java.awt.LightweightDispatcher.processMouseEvent(Unknown Source)
	at java.awt.LightweightDispatcher.dispatchEvent(Unknown Source)
	at java.awt.Container.dispatchEventImpl(Unknown Source)
	at java.awt.Window.dispatchEventImpl(Unknown Source)
	at java.awt.Component.dispatchEvent(Unknown Source)
	at java.awt.EventQueue.dispatchEventImpl(Unknown Source)
	at java.awt.EventQueue.access$500(Unknown Source)
	at java.awt.EventQueue$3.run(Unknown Source)
	at java.awt.EventQueue$3.run(Unknown Source)
	at java.security.AccessController.doPrivileged(Native Method)
	at java.security.ProtectionDomain$JavaSecurityAccessImpl.doIntersectionPrivilege(Unknown Source)
	at java.security.ProtectionDomain$JavaSecurityAccessImpl.doIntersectionPrivilege(Unknown Source)
	at java.awt.EventQueue$4.run(Unknown Source)
	at java.awt.EventQueue$4.run(Unknown Source)
	at java.security.AccessController.doPrivileged(Native Method)
	at java.security.ProtectionDomain$JavaSecurityAccessImpl.doIntersectionPrivilege(Unknown Source)
	at java.awt.EventQueue.dispatchEvent(Unknown Source)
	at java.awt.EventDispatchThread.pumpOneEventForFilters(Unknown Source)
	at java.awt.EventDispatchThread.pumpEventsForFilter(Unknown Source)
	at java.awt.EventDispatchThread.pumpEventsForHierarchy(Unknown Source)
	at java.awt.EventDispatchThread.pumpEvents(Unknown Source)
	at java.awt.EventDispatchThread.pumpEvents(Unknown Source)
	at java.awt.EventDispatchThread.run(Unknown Source)
49008 [AWT-EventQueue-0] INFO  ca.sqlpower.util.ExceptionReport  - Posting error report to SQL Power at URL <http://bugs.sqlpower.ca/architect/postReport>
51053 [AWT-EventQueue-0] ERROR ca.sqlpower.util.ExceptionReport  - Couldn't send exception report to <"http://bugs.sqlpower.ca/architect/postReport">
java.io.FileNotFoundException: http://bugs.sqlpower.ca/architect/postReport
	at sun.net.www.protocol.http.HttpURLConnection.getInputStream0(Unknown Source)
	at sun.net.www.protocol.http.HttpURLConnection.getInputStream(Unknown Source)
	at ca.sqlpower.util.ExceptionReport.send(ExceptionReport.java:295)
	at ca.sqlpower.architect.swingui.ExceptionHandler.handleAndReport(ExceptionHandler.java:117)
	at ca.sqlpower.architect.swingui.ExceptionHandler.uncaughtException(ExceptionHandler.java:74)
	at java.lang.ThreadGroup.uncaughtException(Unknown Source)
	at java.lang.ThreadGroup.uncaughtException(Unknown Source)
	at java.awt.EventDispatchThread.processException(Unknown Source)
	at java.awt.EventDispatchThread.pumpOneEventForFilters(Unknown Source)
	at java.awt.EventDispatchThread.pumpEventsForFilter(Unknown Source)
	at java.awt.EventDispatchThread.pumpEventsForHierarchy(Unknown Source)
	at java.awt.EventDispatchThread.pumpEvents(Unknown Source)
	at java.awt.EventDispatchThread.pumpEvents(Unknown Source)
	at java.awt.EventDispatchThread.run(Unknown Source)
62548 [AWT-EventQueue-0] ERROR ca.sqlpower.architect.swingui.ExceptionHandler  - Uncaught exception
java.lang.NullPointerException
	at ca.sqlpower.architect.swingui.dbtree.DBTreeModel.getPathToNode(DBTreeModel.java:785)
	at ca.sqlpower.architect.swingui.ColumnEditPanel.updateComponents(ColumnEditPanel.java:794)
	at ca.sqlpower.architect.swingui.ColumnEditPanel.<init>(ColumnEditPanel.java:706)
	at ca.sqlpower.architect.swingui.action.EditColumnAction.actionPerformed(EditColumnAction.java:85)
	at javax.swing.AbstractButton.fireActionPerformed(Unknown Source)
	at javax.swing.AbstractButton$Handler.actionPerformed(Unknown Source)
	at javax.swing.DefaultButtonModel.fireActionPerformed(Unknown Source)
	at javax.swing.DefaultButtonModel.setPressed(Unknown Source)
	at javax.swing.AbstractButton.doClick(Unknown Source)
	at javax.swing.plaf.basic.BasicMenuItemUI.doClick(Unknown Source)
	at javax.swing.plaf.basic.BasicMenuItemUI$Handler.mouseReleased(Unknown Source)
	at java.awt.AWTEventMulticaster.mouseReleased(Unknown Source)
	at java.awt.Component.processMouseEvent(Unknown Source)
	at javax.swing.JComponent.processMouseEvent(Unknown Source)
	at java.awt.Component.processEvent(Unknown Source)
	at java.awt.Container.processEvent(Unknown Source)
	at java.awt.Component.dispatchEventImpl(Unknown Source)
	at java.awt.Container.dispatchEventImpl(Unknown Source)
	at java.awt.Component.dispatchEvent(Unknown Source)
	at java.awt.LightweightDispatcher.retargetMouseEvent(Unknown Source)
	at java.awt.LightweightDispatcher.processMouseEvent(Unknown Source)
	at java.awt.LightweightDispatcher.dispatchEvent(Unknown Source)
	at java.awt.Container.dispatchEventImpl(Unknown Source)
	at java.awt.Window.dispatchEventImpl(Unknown Source)
	at java.awt.Component.dispatchEvent(Unknown Source)
	at java.awt.EventQueue.dispatchEventImpl(Unknown Source)
	at java.awt.EventQueue.access$500(Unknown Source)
	at java.awt.EventQueue$3.run(Unknown Source)
	at java.awt.EventQueue$3.run(Unknown Source)
	at java.security.AccessController.doPrivileged(Native Method)
	at java.security.ProtectionDomain$JavaSecurityAccessImpl.doIntersectionPrivilege(Unknown Source)
	at java.security.ProtectionDomain$JavaSecurityAccessImpl.doIntersectionPrivilege(Unknown Source)
	at java.awt.EventQueue$4.run(Unknown Source)
	at java.awt.EventQueue$4.run(Unknown Source)
	at java.security.AccessController.doPrivileged(Native Method)
	at java.security.ProtectionDomain$JavaSecurityAccessImpl.doIntersectionPrivilege(Unknown Source)
	at java.awt.EventQueue.dispatchEvent(Unknown Source)
	at java.awt.EventDispatchThread.pumpOneEventForFilters(Unknown Source)
	at java.awt.EventDispatchThread.pumpEventsForFilter(Unknown Source)
	at java.awt.EventDispatchThread.pumpEventsForHierarchy(Unknown Source)
	at java.awt.EventDispatchThread.pumpEvents(Unknown Source)
	at java.awt.EventDispatchThread.pumpEvents(Unknown Source)
	at java.awt.EventDispatchThread.run(Unknown Source)
62587 [AWT-EventQueue-0] INFO  ca.sqlpower.util.ExceptionReport  - Posting error report to SQL Power at URL <http://bugs.sqlpower.ca/architect/postReport>
64641 [AWT-EventQueue-0] ERROR ca.sqlpower.util.ExceptionReport  - Couldn't send exception report to <"http://bugs.sqlpower.ca/architect/postReport">
java.io.FileNotFoundException: http://bugs.sqlpower.ca/architect/postReport
	at sun.net.www.protocol.http.HttpURLConnection.getInputStream0(Unknown Source)
	at sun.net.www.protocol.http.HttpURLConnection.getInputStream(Unknown Source)
	at ca.sqlpower.util.ExceptionReport.send(ExceptionReport.java:295)
	at ca.sqlpower.architect.swingui.ExceptionHandler.handleAndReport(ExceptionHandler.java:117)
	at ca.sqlpower.architect.swingui.ExceptionHandler.uncaughtException(ExceptionHandler.java:74)
	at java.lang.ThreadGroup.uncaughtException(Unknown Source)
	at java.lang.ThreadGroup.uncaughtException(Unknown Source)
	at java.awt.EventDispatchThread.processException(Unknown Source)
	at java.awt.EventDispatchThread.pumpOneEventForFilters(Unknown Source)
	at java.awt.EventDispatchThread.pumpEventsForFilter(Unknown Source)
	at java.awt.EventDispatchThread.pumpEventsForHierarchy(Unknown Source)
	at java.awt.EventDispatchThread.pumpEvents(Unknown Source)
	at java.awt.EventDispatchThread.pumpEvents(Unknown Source)
	at java.awt.EventDispatchThread.run(Unknown Source)
129458 [AWT-EventQueue-0] ERROR ca.sqlpower.architect.swingui.ExceptionHandler  - Uncaught exception
java.lang.NullPointerException
	at ca.sqlpower.architect.swingui.dbtree.DBTreeModel.getPathToNode(DBTreeModel.java:785)
	at ca.sqlpower.architect.swingui.ColumnEditPanel.updateComponents(ColumnEditPanel.java:794)
	at ca.sqlpower.architect.swingui.ColumnEditPanel.<init>(ColumnEditPanel.java:706)
	at ca.sqlpower.architect.swingui.action.EditColumnAction.actionPerformed(EditColumnAction.java:85)
	at ca.sqlpower.architect.swingui.TablePane.handleMouseEvent(TablePane.java:1300)
	at ca.sqlpower.architect.swingui.PlayPen$PPMouseListener.mouseClicked(PlayPen.java:2498)
	at java.awt.AWTEventMulticaster.mouseClicked(Unknown Source)
	at java.awt.AWTEventMulticaster.mouseClicked(Unknown Source)
	at java.awt.AWTEventMulticaster.mouseClicked(Unknown Source)
	at java.awt.Component.processMouseEvent(Unknown Source)
	at javax.swing.JComponent.processMouseEvent(Unknown Source)
	at java.awt.Component.processEvent(Unknown Source)
	at java.awt.Container.processEvent(Unknown Source)
	at java.awt.Component.dispatchEventImpl(Unknown Source)
	at java.awt.Container.dispatchEventImpl(Unknown Source)
	at java.awt.Component.dispatchEvent(Unknown Source)
	at java.awt.LightweightDispatcher.retargetMouseEvent(Unknown Source)
	at java.awt.LightweightDispatcher.processMouseEvent(Unknown Source)
	at java.awt.LightweightDispatcher.dispatchEvent(Unknown Source)
	at java.awt.Container.dispatchEventImpl(Unknown Source)
	at java.awt.Window.dispatchEventImpl(Unknown Source)
	at java.awt.Component.dispatchEvent(Unknown Source)
	at java.awt.EventQueue.dispatchEventImpl(Unknown Source)
	at java.awt.EventQueue.access$500(Unknown Source)
	at java.awt.EventQueue$3.run(Unknown Source)
	at java.awt.EventQueue$3.run(Unknown Source)
	at java.security.AccessController.doPrivileged(Native Method)
	at java.security.ProtectionDomain$JavaSecurityAccessImpl.doIntersectionPrivilege(Unknown Source)
	at java.security.ProtectionDomain$JavaSecurityAccessImpl.doIntersectionPrivilege(Unknown Source)
	at java.awt.EventQueue$4.run(Unknown Source)
	at java.awt.EventQueue$4.run(Unknown Source)
	at java.security.AccessController.doPrivileged(Native Method)
	at java.security.ProtectionDomain$JavaSecurityAccessImpl.doIntersectionPrivilege(Unknown Source)
	at java.awt.EventQueue.dispatchEvent(Unknown Source)
	at java.awt.EventDispatchThread.pumpOneEventForFilters(Unknown Source)
	at java.awt.EventDispatchThread.pumpEventsForFilter(Unknown Source)
	at java.awt.EventDispatchThread.pumpEventsForHierarchy(Unknown Source)
	at java.awt.EventDispatchThread.pumpEvents(Unknown Source)
	at java.awt.EventDispatchThread.pumpEvents(Unknown Source)
	at java.awt.EventDispatchThread.run(Unknown Source)
129487 [AWT-EventQueue-0] INFO  ca.sqlpower.util.ExceptionReport  - Posting error report to SQL Power at URL <http://bugs.sqlpower.ca/architect/postReport>
131622 [AWT-EventQueue-0] ERROR ca.sqlpower.util.ExceptionReport  - Couldn't send exception report to <"http://bugs.sqlpower.ca/architect/postReport">
java.io.FileNotFoundException: http://bugs.sqlpower.ca/architect/postReport
	at sun.net.www.protocol.http.HttpURLConnection.getInputStream0(Unknown Source)
	at sun.net.www.protocol.http.HttpURLConnection.getInputStream(Unknown Source)
	at ca.sqlpower.util.ExceptionReport.send(ExceptionReport.java:295)
	at ca.sqlpower.architect.swingui.ExceptionHandler.handleAndReport(ExceptionHandler.java:117)
	at ca.sqlpower.architect.swingui.ExceptionHandler.uncaughtException(ExceptionHandler.java:74)
	at java.lang.ThreadGroup.uncaughtException(Unknown Source)
	at java.lang.ThreadGroup.uncaughtException(Unknown Source)
	at java.awt.EventDispatchThread.processException(Unknown Source)
	at java.awt.EventDispatchThread.pumpOneEventForFilters(Unknown Source)
	at java.awt.EventDispatchThread.pumpEventsForFilter(Unknown Source)
	at java.awt.EventDispatchThread.pumpEventsForHierarchy(Unknown Source)
	at java.awt.EventDispatchThread.pumpEvents(Unknown Source)
	at java.awt.EventDispatchThread.pumpEvents(Unknown Source)
	at java.awt.EventDispatchThread.run(Unknown Source)
134642 [AWT-EventQueue-0] ERROR ca.sqlpower.architect.swingui.ExceptionHandler  - Uncaught exception
java.lang.NullPointerException
	at ca.sqlpower.architect.swingui.dbtree.DBTreeModel.getPathToNode(DBTreeModel.java:785)
	at ca.sqlpower.architect.swingui.ColumnEditPanel.updateComponents(ColumnEditPanel.java:794)
	at ca.sqlpower.architect.swingui.ColumnEditPanel.<init>(ColumnEditPanel.java:706)
	at ca.sqlpower.architect.swingui.action.EditColumnAction.actionPerformed(EditColumnAction.java:85)
	at javax.swing.AbstractButton.fireActionPerformed(Unknown Source)
	at javax.swing.AbstractButton$Handler.actionPerformed(Unknown Source)
	at javax.swing.DefaultButtonModel.fireActionPerformed(Unknown Source)
	at javax.swing.DefaultButtonModel.setPressed(Unknown Source)
	at javax.swing.AbstractButton.doClick(Unknown Source)
	at javax.swing.plaf.basic.BasicMenuItemUI.doClick(Unknown Source)
	at javax.swing.plaf.basic.BasicMenuItemUI$Handler.mouseReleased(Unknown Source)
	at java.awt.AWTEventMulticaster.mouseReleased(Unknown Source)
	at java.awt.Component.processMouseEvent(Unknown Source)
	at javax.swing.JComponent.processMouseEvent(Unknown Source)
	at java.awt.Component.processEvent(Unknown Source)
	at java.awt.Container.processEvent(Unknown Source)
	at java.awt.Component.dispatchEventImpl(Unknown Source)
	at java.awt.Container.dispatchEventImpl(Unknown Source)
	at java.awt.Component.dispatchEvent(Unknown Source)
	at java.awt.LightweightDispatcher.retargetMouseEvent(Unknown Source)
	at java.awt.LightweightDispatcher.processMouseEvent(Unknown Source)
	at java.awt.LightweightDispatcher.dispatchEvent(Unknown Source)
	at java.awt.Container.dispatchEventImpl(Unknown Source)
	at java.awt.Window.dispatchEventImpl(Unknown Source)
	at java.awt.Component.dispatchEvent(Unknown Source)
	at java.awt.EventQueue.dispatchEventImpl(Unknown Source)
	at java.awt.EventQueue.access$500(Unknown Source)
	at java.awt.EventQueue$3.run(Unknown Source)
	at java.awt.EventQueue$3.run(Unknown Source)
	at java.security.AccessController.doPrivileged(Native Method)
	at java.security.ProtectionDomain$JavaSecurityAccessImpl.doIntersectionPrivilege(Unknown Source)
	at java.security.ProtectionDomain$JavaSecurityAccessImpl.doIntersectionPrivilege(Unknown Source)
	at java.awt.EventQueue$4.run(Unknown Source)
	at java.awt.EventQueue$4.run(Unknown Source)
	at java.security.AccessController.doPrivileged(Native Method)
	at java.security.ProtectionDomain$JavaSecurityAccessImpl.doIntersectionPrivilege(Unknown Source)
	at java.awt.EventQueue.dispatchEvent(Unknown Source)
	at java.awt.EventDispatchThread.pumpOneEventForFilters(Unknown Source)
	at java.awt.EventDispatchThread.pumpEventsForFilter(Unknown Source)
	at java.awt.EventDispatchThread.pumpEventsForHierarchy(Unknown Source)
	at java.awt.EventDispatchThread.pumpEvents(Unknown Source)
	at java.awt.EventDispatchThread.pumpEvents(Unknown Source)
	at java.awt.EventDispatchThread.run(Unknown Source)
134672 [AWT-EventQueue-0] INFO  ca.sqlpower.util.ExceptionReport  - Posting error report to SQL Power at URL <http://bugs.sqlpower.ca/architect/postReport>
136667 [AWT-EventQueue-0] ERROR ca.sqlpower.util.ExceptionReport  - Couldn't send exception report to <"http://bugs.sqlpower.ca/architect/postReport">
java.io.FileNotFoundException: http://bugs.sqlpower.ca/architect/postReport
	at sun.net.www.protocol.http.HttpURLConnection.getInputStream0(Unknown Source)
	at sun.net.www.protocol.http.HttpURLConnection.getInputStream(Unknown Source)
	at ca.sqlpower.util.ExceptionReport.send(ExceptionReport.java:295)
	at ca.sqlpower.architect.swingui.ExceptionHandler.handleAndReport(ExceptionHandler.java:117)
	at ca.sqlpower.architect.swingui.ExceptionHandler.uncaughtException(ExceptionHandler.java:74)
	at java.lang.ThreadGroup.uncaughtException(Unknown Source)
	at java.lang.ThreadGroup.uncaughtException(Unknown Source)
	at java.awt.EventDispatchThread.processException(Unknown Source)
	at java.awt.EventDispatchThread.pumpOneEventForFilters(Unknown Source)
	at java.awt.EventDispatchThread.pumpEventsForFilter(Unknown Source)
	at java.awt.EventDispatchThread.pumpEventsForHierarchy(Unknown Source)
	at java.awt.EventDispatchThread.pumpEvents(Unknown Source)
	at java.awt.EventDispatchThread.pumpEvents(Unknown Source)
	at java.awt.EventDispatchThread.run(Unknown Source)
148210 [AWT-EventQueue-0] ERROR ca.sqlpower.architect.swingui.ExceptionHandler  - Uncaught exception
java.lang.NullPointerException
	at ca.sqlpower.architect.swingui.dbtree.DBTreeModel.getPathToNode(DBTreeModel.java:785)
	at ca.sqlpower.architect.swingui.ColumnEditPanel.updateComponents(ColumnEditPanel.java:794)
	at ca.sqlpower.architect.swingui.ColumnEditPanel.<init>(ColumnEditPanel.java:706)
	at ca.sqlpower.architect.swingui.action.EditColumnAction.actionPerformed(EditColumnAction.java:85)
	at javax.swing.AbstractButton.fireActionPerformed(Unknown Source)
	at javax.swing.AbstractButton$Handler.actionPerformed(Unknown Source)
	at javax.swing.DefaultButtonModel.fireActionPerformed(Unknown Source)
	at javax.swing.DefaultButtonModel.setPressed(Unknown Source)
	at javax.swing.AbstractButton.doClick(Unknown Source)
	at javax.swing.plaf.basic.BasicMenuItemUI.doClick(Unknown Source)
	at javax.swing.plaf.basic.BasicMenuItemUI$Handler.mouseReleased(Unknown Source)
	at java.awt.AWTEventMulticaster.mouseReleased(Unknown Source)
	at java.awt.Component.processMouseEvent(Unknown Source)
	at javax.swing.JComponent.processMouseEvent(Unknown Source)
	at java.awt.Component.processEvent(Unknown Source)
	at java.awt.Container.processEvent(Unknown Source)
	at java.awt.Component.dispatchEventImpl(Unknown Source)
	at java.awt.Container.dispatchEventImpl(Unknown Source)
	at java.awt.Component.dispatchEvent(Unknown Source)
	at java.awt.LightweightDispatcher.retargetMouseEvent(Unknown Source)
	at java.awt.LightweightDispatcher.processMouseEvent(Unknown Source)
	at java.awt.LightweightDispatcher.dispatchEvent(Unknown Source)
	at java.awt.Container.dispatchEventImpl(Unknown Source)
	at java.awt.Window.dispatchEventImpl(Unknown Source)
	at java.awt.Component.dispatchEvent(Unknown Source)
	at java.awt.EventQueue.dispatchEventImpl(Unknown Source)
	at java.awt.EventQueue.access$500(Unknown Source)
	at java.awt.EventQueue$3.run(Unknown Source)
	at java.awt.EventQueue$3.run(Unknown Source)
	at java.security.AccessController.doPrivileged(Native Method)
	at java.security.ProtectionDomain$JavaSecurityAccessImpl.doIntersectionPrivilege(Unknown Source)
	at java.security.ProtectionDomain$JavaSecurityAccessImpl.doIntersectionPrivilege(Unknown Source)
	at java.awt.EventQueue$4.run(Unknown Source)
	at java.awt.EventQueue$4.run(Unknown Source)
	at java.security.AccessController.doPrivileged(Native Method)
	at java.security.ProtectionDomain$JavaSecurityAccessImpl.doIntersectionPrivilege(Unknown Source)
	at java.awt.EventQueue.dispatchEvent(Unknown Source)
	at java.awt.EventDispatchThread.pumpOneEventForFilters(Unknown Source)
	at java.awt.EventDispatchThread.pumpEventsForFilter(Unknown Source)
	at java.awt.EventDispatchThread.pumpEventsForHierarchy(Unknown Source)
	at java.awt.EventDispatchThread.pumpEvents(Unknown Source)
	at java.awt.EventDispatchThread.pumpEvents(Unknown Source)
	at java.awt.EventDispatchThread.run(Unknown Source)
148244 [AWT-EventQueue-0] INFO  ca.sqlpower.util.ExceptionReport  - Posting error report to SQL Power at URL <http://bugs.sqlpower.ca/architect/postReport>
150278 [AWT-EventQueue-0] ERROR ca.sqlpower.util.ExceptionReport  - Couldn't send exception report to <"http://bugs.sqlpower.ca/architect/postReport">
java.io.FileNotFoundException: http://bugs.sqlpower.ca/architect/postReport
	at sun.net.www.protocol.http.HttpURLConnection.getInputStream0(Unknown Source)
	at sun.net.www.protocol.http.HttpURLConnection.getInputStream(Unknown Source)
	at ca.sqlpower.util.ExceptionReport.send(ExceptionReport.java:295)
	at ca.sqlpower.architect.swingui.ExceptionHandler.handleAndReport(ExceptionHandler.java:117)
	at ca.sqlpower.architect.swingui.ExceptionHandler.uncaughtException(ExceptionHandler.java:74)
	at java.lang.ThreadGroup.uncaughtException(Unknown Source)
	at java.lang.ThreadGroup.uncaughtException(Unknown Source)
	at java.awt.EventDispatchThread.processException(Unknown Source)
	at java.awt.EventDispatchThread.pumpOneEventForFilters(Unknown Source)
	at java.awt.EventDispatchThread.pumpEventsForFilter(Unknown Source)
	at java.awt.EventDispatchThread.pumpEventsForHierarchy(Unknown Source)
	at java.awt.EventDispatchThread.pumpEvents(Unknown Source)
	at java.awt.EventDispatchThread.pumpEvents(Unknown Source)
	at java.awt.EventDispatchThread.run(Unknown Source)
0    [AWT-EventQueue-0] INFO  ca.sqlpower.architect.ArchitectUtils  - Log4J configured successfully
1541 [AWT-EventQueue-0] INFO  ca.sqlpower.sql.PlDotIni  - Beginning to read/merge new pl.ini data
1658 [AWT-EventQueue-0] INFO  ca.sqlpower.sql.PlDotIni  - Finished reading file.
1659 [AWT-EventQueue-0] INFO  ca.sqlpower.sql.PlDotIni  - Beginning to read/merge new pl.ini data
1750 [AWT-EventQueue-0] INFO  ca.sqlpower.sql.PlDotIni  - Finished reading file.
4705 [Thread-5] ERROR ca.sqlpower.architect.swingui.action.CheckForUpdateAction  - Fail to retrieve current version number!
753796 [AWT-EventQueue-0] INFO  ca.sqlpower.architect.ddl.GenericDDLGenerator  - endStatement: 
CREATE SEQUENCE sgm.stur_stur_id_seq
753801 [AWT-EventQueue-0] INFO  ca.sqlpower.architect.ddl.GenericDDLGenerator  - endStatement: 

CREATE TABLE sgm.stur (
                stur_id INTEGER NOT NULL DEFAULT nextval('sgm.stur_stur_id_seq'),
                inscricao VARCHAR NOT NULL,
                tipoImposto VARCHAR NOT NULL,
                parcela NUMERIC NOT NULL,
                valorTotal NUMERIC NOT NULL,
                cpfCnpj VARCHAR(15) NOT NULL,
                endereco VARCHAR(250) NOT NULL,
                cep VARCHAR(10),
                municipio VARCHAR NOT NULL,
                uf VARCHAR NOT NULL,
                numero VARCHAR(10) NOT NULL,
                CONSTRAINT stur_id PRIMARY KEY (stur_id)
)
753802 [AWT-EventQueue-0] INFO  ca.sqlpower.architect.ddl.GenericDDLGenerator  - endStatement: 


ALTER SEQUENCE sgm.stur_stur_id_seq OWNED BY sgm.stur.stur_id
753807 [AWT-EventQueue-0] INFO  ca.sqlpower.architect.swingui.SQLScriptDialog  - The list size is :3
0    [AWT-EventQueue-0] INFO  ca.sqlpower.architect.ArchitectUtils  - Log4J configured successfully
1272 [AWT-EventQueue-0] INFO  ca.sqlpower.sql.PlDotIni  - Beginning to read/merge new pl.ini data
1443 [AWT-EventQueue-0] INFO  ca.sqlpower.sql.PlDotIni  - Finished reading file.
1446 [AWT-EventQueue-0] INFO  ca.sqlpower.sql.PlDotIni  - Beginning to read/merge new pl.ini data
1561 [AWT-EventQueue-0] INFO  ca.sqlpower.sql.PlDotIni  - Finished reading file.
4758 [Thread-5] ERROR ca.sqlpower.architect.swingui.action.CheckForUpdateAction  - Fail to retrieve current version number!
